Flyxion normalization log - Sat Apr 11 13:41:16 ADT 2026
----------------------------------------

---- Candidate Variants (aggregated) ----
      6 flyxionu
      6 flying
----------------------------------------
Done.

Flyxion normalization log - Sat Apr 11 13:50:10 ADT 2026
----------------------------------------

---- Candidate Variants (aggregated) ----
      6 flyxionu
----------------------------------------
Done.

Flyxion normalization log - Sat Apr 11 13:52:38 ADT 2026
----------------------------------------

---- Candidate Variants (aggregated) ----
     24 inflyxion
     12 afflyxion
      6 amflyxion
----------------------------------------
Done.

Flyxion normalization log - Sat Apr 11 13:56:35 ADT 2026
----------------------------------------

---- Candidate Variants (aggregated) ----
----------------------------------------
Done.
